Using pre-set license
Built from '2020.3/staging' branch; Version is '2020.3.25f1 (9b9180224418) revision 10195328'; Using compiler version '192528614'; Build Type 'Release'
OS: 'Windows 10  (10.0.19042) 64bit Core' Language: 'fi' Physical Memory: 16258 MB
BatchMode: 1, IsHumanControllingUs: 0, StartBugReporterOnCrash: 0, Is64bit: 1, IsPro: 0

COMMAND LINE ARGUMENTS:
C:\Program Files\Unity\Hub\Editor\2020.3.25f1\Editor\Unity.exe
-adb2
-batchMode
-noUpm
-name
AssetImportWorker0
-projectPath
C:/Users/DAT19-15/Documents/puckoffmobiledemo
-logFile
Logs/AssetImportWorker0.log
-srvPort
58324
Successfully changed project path to: C:/Users/DAT19-15/Documents/puckoffmobiledemo
C:/Users/DAT19-15/Documents/puckoffmobiledemo
Using Asset Import Pipeline V2.
Refreshing native plugins compatible for Editor in 63.73 ms, found 3 plugins.
Preloading 0 native plugins for Editor in 0.00 ms.
Initialize engine version: 2020.3.25f1 (9b9180224418)
[Subsystems] Discovering subsystems at path C:/Program Files/Unity/Hub/Editor/2020.3.25f1/Editor/Data/Resources/UnitySubsystems
[Subsystems] Discovering subsystems at path C:/Users/DAT19-15/Documents/puckoffmobiledemo/Assets
GfxDevice: creating device client; threaded=0
Direct3D:
    Version:  Direct3D 11.0 [level 11.1]
    Renderer: NVIDIA GeForce GTX 1050 Ti (ID=0x1c8c)
    Vendor:   
    VRAM:     4018 MB
    Driver:   27.21.14.6611
Initialize mono
Mono path[0] = 'C:/Program Files/Unity/Hub/Editor/2020.3.25f1/Editor/Data/Managed'
Mono path[1] = 'C:/Program Files/Unity/Hub/Editor/2020.3.25f1/Editor/Data/MonoBleedingEdge/lib/mono/unityjit'
Mono config path = 'C:/Program Files/Unity/Hub/Editor/2020.3.25f1/Editor/Data/MonoBleedingEdge/etc'
Using monoOptions --debugger-agent=transport=dt_socket,embedding=1,server=y,suspend=n,address=127.0.0.1:56872
Begin MonoManager ReloadAssembly
Registering precompiled unity dll's ...
Register platform support module: C:/Program Files/Unity/Hub/Editor/2020.3.25f1/Editor/Data/PlaybackEngines/WindowsStandaloneSupport/UnityEditor.WindowsStandalone.Extensions.dll
Registered in 0.002184 seconds.
Native extension for WindowsStandalone target not found
Refreshing native plugins compatible for Editor in 68.50 ms, found 3 plugins.
Preloading 0 native plugins for Editor in 0.00 ms.
Mono: successfully reloaded assembly
- Completed reload, in  0.599 seconds
Domain Reload Profiling:
	ReloadAssembly (599ms)
		BeginReloadAssembly (53ms)
			ExecutionOrderSort (0ms)
			DisableScriptedObjects (0ms)
			BackupInstance (0ms)
			ReleaseScriptingObjects (0ms)
			CreateAndSetChildDomain (1ms)
		EndReloadAssembly (471ms)
			LoadAssemblies (50ms)
			RebuildTransferFunctionScriptingTraits (0ms)
			SetupTypeCache (142ms)
			ReleaseScriptCaches (0ms)
			RebuildScriptCaches (30ms)
			SetupLoadedEditorAssemblies (195ms)
				LogAssemblyErrors (0ms)
				InitializePlatformSupportModulesInManaged (4ms)
				SetLoadedEditorAssemblies (0ms)
				RefreshPlugins (69ms)
				BeforeProcessingInitializeOnLoad (16ms)
				ProcessInitializeOnLoadAttributes (78ms)
				ProcessInitializeOnLoadMethodAttributes (28ms)
				AfterProcessingInitializeOnLoad (0ms)
				EditorAssembliesLoaded (0ms)
			ExecutionOrderSort2 (0ms)
			AwakeInstancesAfterBackupRestoration (0ms)
Platform modules already initialized, skipping
Registering precompiled user dll's ...
Registered in 0.006112 seconds.
Begin MonoManager ReloadAssembly
Native extension for WindowsStandalone target not found
Refreshing native plugins compatible for Editor in 62.18 ms, found 3 plugins.
Preloading 0 native plugins for Editor in 0.00 ms.
Mono: successfully reloaded assembly
- Completed reload, in  1.238 seconds
Domain Reload Profiling:
	ReloadAssembly (1238ms)
		BeginReloadAssembly (138ms)
			ExecutionOrderSort (0ms)
			DisableScriptedObjects (4ms)
			BackupInstance (0ms)
			ReleaseScriptingObjects (0ms)
			CreateAndSetChildDomain (19ms)
		EndReloadAssembly (1035ms)
			LoadAssemblies (95ms)
			RebuildTransferFunctionScriptingTraits (0ms)
			SetupTypeCache (360ms)
			ReleaseScriptCaches (1ms)
			RebuildScriptCaches (57ms)
			SetupLoadedEditorAssemblies (400ms)
				LogAssemblyErrors (0ms)
				InitializePlatformSupportModulesInManaged (3ms)
				SetLoadedEditorAssemblies (0ms)
				RefreshPlugins (62ms)
				BeforeProcessingInitializeOnLoad (103ms)
				ProcessInitializeOnLoadAttributes (208ms)
				ProcessInitializeOnLoadMethodAttributes (16ms)
				AfterProcessingInitializeOnLoad (7ms)
				EditorAssembliesLoaded (0ms)
			ExecutionOrderSort2 (0ms)
			AwakeInstancesAfterBackupRestoration (6ms)
Platform modules already initialized, skipping
========================================================================
Worker process is ready to serve import requests
Launched and connected shader compiler UnityShaderCompiler.exe after 0.07 seconds
Refreshing native plugins compatible for Editor in 0.98 ms, found 3 plugins.
Preloading 0 native plugins for Editor in 0.00 ms.
Unloading 3438 Unused Serialized files (Serialized files now loaded: 0)
System memory in use before: 144.1 MB.
System memory in use after: 144.3 MB.

Unloading 30 unused Assets to reduce memory usage. Loaded Objects now: 3870.
Total: 3.942700 ms (FindLiveObjects: 0.267800 ms CreateObjectMapping: 0.215600 ms MarkObjects: 3.386100 ms  DeleteObjects: 0.072000 ms)

AssetImportParameters requested are different than current active one (requested -> active):
  custom:framework-win-MediaFoundation: 216162199b28c13a410421893ffa2e32 -> 
  custom:video-decoder-ogg-theora: a1e56fd34408186e4bbccfd4996cb3dc -> 
  custom:container-muxer-webm: aa71ff27fc2769a1b78a27578f13a17b -> 
  custom:container-demuxer-webm: 4f35f7cbe854078d1ac9338744f61a02 -> 
  custom:container-demuxer-ogg: 62fdf1f143b41e24485cea50d1cbac27 -> 
  custom:video-encoder-webm-vp8: eb34c28f22e8b96e1ab97ce403110664 -> 
  custom:video-codec-MediaFoundation-h265: 746d11721c4dcdbdad8f713fa42b33f4 -> 
  custom:video-decoder-webm-vp8: 9c59270c3fd7afecdb556c50c9e8de78 -> 
  custom:audio-decoder-ogg-vorbis: bf7c407c2cedff20999df2af8eb42d56 -> 
  custom:audio-encoder-webm-vorbis: bf7c407c2cedff20999df2af8eb42d56 -> 
========================================================================
Received Import Request.
  path: Assets
  artifactKey: Guid(00000000000000001000000000000000) Importer(815301076,1909f56bfc062723c751e8b465ee728b)
Start importing Assets using Guid(00000000000000001000000000000000) Importer(815301076,1909f56bfc062723c751e8b465ee728b)  -> (artifact id: '42d402b061de3733987d63b9cc3b64de') in 0.009058 seconds 
  Import took 0.013813 seconds .

========================================================================
Received Import Request.
  Time since last request: 0.000304 seconds.
  path: Assets/Scripts
  artifactKey: Guid(fb77099ffe84591468fc99cc62151003) Importer(815301076,1909f56bfc062723c751e8b465ee728b)
Start importing Assets/Scripts using Guid(fb77099ffe84591468fc99cc62151003) Importer(815301076,1909f56bfc062723c751e8b465ee728b)  -> (artifact id: '6c710eb43fd4235646c36603abcbf8ae') in 0.005811 seconds 
  Import took 0.010366 seconds .

========================================================================
Received Import Request.
  Time since last request: 4.684928 seconds.
  path: Assets/Prefabs
  artifactKey: Guid(79017525718510846baa0e7ca78a1d76) Importer(815301076,1909f56bfc062723c751e8b465ee728b)
Start importing Assets/Prefabs using Guid(79017525718510846baa0e7ca78a1d76) Importer(815301076,1909f56bfc062723c751e8b465ee728b)  -> (artifact id: '4f62f93a16a87b787cbbcfb2eb53193a') in 0.008044 seconds 
  Import took 0.013986 seconds .

========================================================================
Received Import Request.
  Time since last request: 18.073987 seconds.
  path: Assets/Art
  artifactKey: Guid(0e1d1bb486c7e214fbdeaddbd574e564) Importer(815301076,1909f56bfc062723c751e8b465ee728b)
Start importing Assets/Art using Guid(0e1d1bb486c7e214fbdeaddbd574e564) Importer(815301076,1909f56bfc062723c751e8b465ee728b)  -> (artifact id: '05c1090ca86357808231b784ae999793') in 0.009515 seconds 
  Import took 0.019288 seconds .

========================================================================
Received Import Request.
  Time since last request: 10.050479 seconds.
  path: Assets/Art/Sprites
  artifactKey: Guid(5f5da821a71286b468c05aabae8b2637) Importer(815301076,1909f56bfc062723c751e8b465ee728b)
Start importing Assets/Art/Sprites using Guid(5f5da821a71286b468c05aabae8b2637) Importer(815301076,1909f56bfc062723c751e8b465ee728b)  -> (artifact id: '8344fb143985479ba5b42bc94e03d845') in 0.005803 seconds 
  Import took 0.011387 seconds .

========================================================================
Received Import Request.
  Time since last request: 10.172068 seconds.
  path: Assets/Art/Background
  artifactKey: Guid(e97ca1fe72d556749b994b8a3fee8873) Importer(815301076,1909f56bfc062723c751e8b465ee728b)
Start importing Assets/Art/Background using Guid(e97ca1fe72d556749b994b8a3fee8873) Importer(815301076,1909f56bfc062723c751e8b465ee728b)  -> (artifact id: 'dcaaf1186a09f036be26a9d3d1da657a') in 0.005872 seconds 
  Import took 0.011068 seconds .

========================================================================
Received Import Request.
  Time since last request: 64.758826 seconds.
  path: Assets/Art/New Folder
  artifactKey: Guid(ff6de89b49fa4724ba47b3302e519047) Importer(815301076,1909f56bfc062723c751e8b465ee728b)
Start importing Assets/Art/New Folder using Guid(ff6de89b49fa4724ba47b3302e519047) Importer(815301076,1909f56bfc062723c751e8b465ee728b)  -> (artifact id: '48ddddac4118b6945215f9dacc4271a6') in 0.005885 seconds 
  Import took 0.011852 seconds .

========================================================================
Received Import Request.
  Time since last request: 5.782690 seconds.
  path: Assets/Art/Particle
  artifactKey: Guid(ff6de89b49fa4724ba47b3302e519047) Importer(815301076,1909f56bfc062723c751e8b465ee728b)
Start importing Assets/Art/Particle using Guid(ff6de89b49fa4724ba47b3302e519047) Importer(815301076,1909f56bfc062723c751e8b465ee728b)  -> (artifact id: 'f4d8cc1311bad5aa358d0e6b4da9ec10') in 0.007358 seconds 
  Import took 0.013098 seconds .

========================================================================
Received Import Request.
  Time since last request: 7.424025 seconds.
  path: Assets/Sound
  artifactKey: Guid(84c4fc21e42bf5e409643330683c4cd2) Importer(815301076,1909f56bfc062723c751e8b465ee728b)
Start importing Assets/Sound using Guid(84c4fc21e42bf5e409643330683c4cd2) Importer(815301076,1909f56bfc062723c751e8b465ee728b)  -> (artifact id: '18789bd2ad1c720ddbc1fb523852bfb0') in 0.006460 seconds 
  Import took 0.011438 seconds .

========================================================================
Received Import Request.
  Time since last request: 290.038071 seconds.
  path: Assets/_
  artifactKey: Guid(5ffca808b691d9741b24b94c1e8efb37) Importer(815301076,1909f56bfc062723c751e8b465ee728b)
Start importing Assets/_ using Guid(5ffca808b691d9741b24b94c1e8efb37) Importer(815301076,1909f56bfc062723c751e8b465ee728b)  -> (artifact id: '878dd891a2bba4b8c5a814b55ff62768') in 0.011001 seconds 
  Import took 0.018135 seconds .

AssetImportWorkerClient::OnTransportError - code=2 error=End of file
